<?xml version="1.0" encoding="UTF-8"?>
<testsuite name="com.activiti.flow.demo.service.impl.test.FlowServiceImplTest" time="1.723" tests="3" errors="0" skipped="0" failures="0">
  <properties>
[...]
</properties>
  <testcase name="bussinessTest" classname="com.activiti.flow.demo.service.impl.test.FlowServiceImplTest" time="1.353"/>
  <testcase name="unDeployTest" classname="com.activiti.flow.demo.service.impl.test.FlowServiceImplTest" time="0"/>
  <testcase name="deployTest" classname="com.activiti.flow.demo.service.impl.test.FlowServiceImplTest" time="0.37"/>
</testsuite>